<?xml version="1.0" encoding="UTF-8"?>
<!-- Generated by org.testng.reporters.JUnitXMLReporter -->
<testsuite hostname="DESKTOP-6GEIVGO" ignored="0" name="Web Tests" tests="5" failures="1" timestamp="19 Sep 2020 07:11:56 GMT" time="140.168" errors="0">
  <testcase name="testSwitches" time="9.222" classname="com.fullstack.batch3.AppTest"/>
  <testcase name="verifyTitle" time="10.606" classname="com.fullstack.batch3.AppTest">
    <failure type="java.lang.AssertionError" message="expected [Home] but found [Home -]">
      <![CDATA[java.lang.AssertionError: expected [Home] but found [Home -]
at com.fullstack.batch3.AppTest.verifyTitle(AppTest.java:35)
at java.util.concurrent.ThreadPoolExecutor.runWorker(ThreadPoolExecutor.java:1149)
at java.util.concurrent.ThreadPoolExecutor$Worker.run(ThreadPoolExecutor.java:624)
at java.lang.Thread.run(Thread.java:748)
... Removed 16 stack frames]]>
    </failure>
  </testcase> <!-- verifyTitle -->
  <testcase name="testNavigation" time="40.05" classname="com.fullstack.batch3.AppTest"/>
  <testcase name="testJSScript" time="65.365" classname="com.fullstack.batch3.AppTest"/>
  <testcase name="loginWithCorrectCredentials" time="22.384" classname="com.fullstack.batch3.AppTest"/>
</testsuite> <!-- Web Tests -->
